<?xml version="1.0" encoding="UTF-8"?>
<!-- Generated by org.testng.reporters.JUnitReportReporter -->
<testsuite name="com.qa.hubspot.tests.LoginTest" tests="3" time="36.739" ignored="0" failures="0" timestamp="17 Mar 2020 14:52:07 GMT" skipped="0" hostname="DESKTOP-R31J20A" errors="0">
  <testcase name="verifySignUpLinkTest" time="11.933" classname="com.qa.hubspot.tests.LoginTest"/>
  <testcase name="verifyLoginPagetitleTest" time="11.942" classname="com.qa.hubspot.tests.LoginTest"/>
  <testcase name="doLogin" time="12.864" classname="com.qa.hubspot.tests.LoginTest"/>
</testsuite> <!-- com.qa.hubspot.tests.LoginTest -->
