<?xml version="1.0" encoding="UTF-8"?>
<!-- Generated by org.testng.reporters.JUnitReportReporter -->
<testsuite name="com.qa.hubspot.tests.LoginTest" tests="3" time="35.777" ignored="0" failures="0" timestamp="27 Feb 2020 22:14:03 GMT" skipped="0" hostname="DESKTOP-R31J20A" errors="0">
  <testcase name="verifyLoginPagetitleTest" time="11.798" classname="com.qa.hubspot.tests.LoginTest"/>
  <testcase name="doLogin" time="12.149" classname="com.qa.hubspot.tests.LoginTest"/>
  <testcase name="verifySignUpLinkTest" time="11.830" classname="com.qa.hubspot.tests.LoginTest"/>
</testsuite> <!-- com.qa.hubspot.tests.LoginTest -->
