<?xml version="1.0" encoding="UTF-8"?>
<!-- Generated by org.testng.reporters.JUnitReportReporter -->
<testsuite name="com.qa.hubspot.tests.LoginTest" tests="3" time="36.505" ignored="0" failures="0" timestamp="17 Mar 2020 00:55:23 GMT" skipped="0" hostname="DESKTOP-R31J20A" errors="0">
  <testcase name="verifyLoginPagetitleTest" time="12.401" classname="com.qa.hubspot.tests.LoginTest"/>
  <testcase name="doLogin" time="12.185" classname="com.qa.hubspot.tests.LoginTest"/>
  <testcase name="verifySignUpLinkTest" time="11.919" classname="com.qa.hubspot.tests.LoginTest"/>
</testsuite> <!-- com.qa.hubspot.tests.LoginTest -->
