<?xml version="1.0" encoding="UTF-8"?>
<!-- Generated by org.testng.reporters.JUnitReportReporter -->
<testsuite skipped="0" hostname="DESKTOP-R31J20A" name="com.qa.hubspot.tests.LoginTest" tests="3" failures="0" timestamp="27 Feb 2020 17:40:51 GMT" time="36.232" errors="0">
  <testcase name="verifyLoginPagetitleTest" time="11.212" classname="com.qa.hubspot.tests.LoginTest"/>
  <testcase name="verifySignUpLinkTest" time="13.129" classname="com.qa.hubspot.tests.LoginTest"/>
  <testcase name="doLogin" time="11.891" classname="com.qa.hubspot.tests.LoginTest"/>
</testsuite> <!-- com.qa.hubspot.tests.LoginTest -->
