<?xml version="1.0" encoding="UTF-8"?>
<!-- Generated by org.testng.reporters.JUnitReportReporter -->
<testsuite skipped="0" hostname="DESKTOP-R31J20A" name="com.qa.hubspot.tests.LoginTest" tests="3" failures="0" timestamp="17 Mar 2020 01:28:24 GMT" time="36.524" errors="0">
  <testcase name="verifyLoginPagetitleTest" time="11.898" classname="com.qa.hubspot.tests.LoginTest"/>
  <testcase name="verifySignUpLinkTest" time="12.464" classname="com.qa.hubspot.tests.LoginTest"/>
  <testcase name="doLogin" time="12.162" classname="com.qa.hubspot.tests.LoginTest"/>
</testsuite> <!-- com.qa.hubspot.tests.LoginTest -->
